============================= test session starts ==============================
platform linux -- Python 3.11.15, pytest-9.1.1, pluggy-1.6.0
rootdir: /tmp/pyproj
plugins: anyio-4.13.0
collected 4 items

tests/test_calc.py .FF.                                                  [100%]

=================================== FAILURES ===================================
________________________________ test_add_wrong ________________________________
tests/test_calc.py:7: in test_add_wrong
    assert add(2, 2) == 5, "math is broken"
E   AssertionError: math is broken
E   assert 4 == 5
E    +  where 4 = add(2, 2)
________________________________ test_div_zero _________________________________
tests/test_calc.py:10: in test_div_zero
    assert div(1, 0) == 0
           ^^^^^^^^^
calc.py:5: in div
    return a / b
           ^^^^^
E   ZeroDivisionError: division by zero
=========================== short test summary info ============================
FAILED tests/test_calc.py::test_add_wrong - AssertionError: math is broken
FAILED tests/test_calc.py::test_div_zero - ZeroDivisionError: division by zero
========================= 2 failed, 2 passed in 0.02s ==========================
